[debug] [2026-04-02T18:10:51.974Z] ----------------------------------------------------------------------
[debug] [2026-04-02T18:10:51.984Z] Command:       C:\Program Files\nodejs\node.exe C:\Users\Huawei MadeBook XPro\AppData\Roaming\npm\node_modules\firebase-tools\lib\bin\firebase.js deploy --only functions --force
[debug] [2026-04-02T18:10:51.985Z] CLI Version:   15.5.1
[debug] [2026-04-02T18:10:51.985Z] Platform:      win32
[debug] [2026-04-02T18:10:51.985Z] Node Version:  v24.13.0
[debug] [2026-04-02T18:10:51.986Z] Time:          Fri Apr 03 2026 01:10:51 GMT+0700 (Indochina Time)
[debug] [2026-04-02T18:10:51.986Z] ----------------------------------------------------------------------
[debug] 
[debug] [2026-04-02T18:10:59.392Z] > command requires scopes: ["email","openid","https://www.googleapis.com/auth/cloudplatformprojects.readonly","https://www.googleapis.com/auth/firebase","https://www.googleapis.com/auth/cloud-platform"]
[debug] [2026-04-02T18:10:59.392Z] > authorizing via signed-in user (0451611@gmail.com)
[debug] [2026-04-02T18:10:59.393Z] [iam] checking project sarafun-f9616 for permissions ["cloudfunctions.functions.create","cloudfunctions.functions.delete","cloudfunctions.functions.get","cloudfunctions.functions.list","cloudfunctions.functions.update","cloudfunctions.operations.get","firebase.projects.get"]
[debug] [2026-04-02T18:10:59.396Z] Checked if tokens are valid: true, expires at: 1775155116951
[debug] [2026-04-02T18:10:59.396Z] Checked if tokens are valid: true, expires at: 1775155116951
[debug] [2026-04-02T18:10:59.399Z] >>> [apiv2][query] POST https://cloudresourcemanager.googleapis.com/v1/projects/sarafun-f9616:testIamPermissions [none]
[debug] [2026-04-02T18:10:59.400Z] >>> [apiv2][(partial)header] POST https://cloudresourcemanager.googleapis.com/v1/projects/sarafun-f9616:testIamPermissions  x-goog-user-project=sarafun-f9616
[debug] [2026-04-02T18:10:59.400Z] >>> [apiv2][body] POST https://cloudresourcemanager.googleapis.com/v1/projects/sarafun-f9616:testIamPermissions {"permissions":["cloudfunctions.functions.create","cloudfunctions.functions.delete","cloudfunctions.functions.get","cloudfunctions.functions.list","cloudfunctions.functions.update","cloudfunctions.operations.get","firebase.projects.get"]}
[debug] [2026-04-02T18:11:00.545Z] <<< [apiv2][status] POST https://cloudresourcemanager.googleapis.com/v1/projects/sarafun-f9616:testIamPermissions 200
[debug] [2026-04-02T18:11:00.546Z] <<< [apiv2][body] POST https://cloudresourcemanager.googleapis.com/v1/projects/sarafun-f9616:testIamPermissions {"permissions":["cloudfunctions.functions.create","cloudfunctions.functions.delete","cloudfunctions.functions.get","cloudfunctions.functions.list","cloudfunctions.functions.update","cloudfunctions.operations.get","firebase.projects.get"]}
[debug] [2026-04-02T18:11:00.546Z] Checked if tokens are valid: true, expires at: 1775155116951
[debug] [2026-04-02T18:11:00.547Z] Checked if tokens are valid: true, expires at: 1775155116951
[debug] [2026-04-02T18:11:00.547Z] >>> [apiv2][query] POST https://iam.googleapis.com/v1/projects/sarafun-f9616/serviceAccounts/sarafun-f9616@appspot.gserviceaccount.com:testIamPermissions [none]
[debug] [2026-04-02T18:11:00.547Z] >>> [apiv2][body] POST https://iam.googleapis.com/v1/projects/sarafun-f9616/serviceAccounts/sarafun-f9616@appspot.gserviceaccount.com:testIamPermissions {"permissions":["iam.serviceAccounts.actAs"]}
[debug] [2026-04-02T18:11:01.814Z] <<< [apiv2][status] POST https://iam.googleapis.com/v1/projects/sarafun-f9616/serviceAccounts/sarafun-f9616@appspot.gserviceaccount.com:testIamPermissions 200
[debug] [2026-04-02T18:11:01.814Z] <<< [apiv2][body] POST https://iam.googleapis.com/v1/projects/sarafun-f9616/serviceAccounts/sarafun-f9616@appspot.gserviceaccount.com:testIamPermissions {"permissions":["iam.serviceAccounts.actAs"]}
[info] 
[info] === Deploying to 'sarafun-f9616'...
[info] 
[info] i  deploying functions 
[debug] [2026-04-02T18:11:01.821Z] Checked if tokens are valid: true, expires at: 1775155116951
[debug] [2026-04-02T18:11:01.822Z] Checked if tokens are valid: true, expires at: 1775155116951
[debug] [2026-04-02T18:11:01.822Z] >>> [apiv2][query] GET https://cloudresourcemanager.googleapis.com/v1/projects/sarafun-f9616 [none]
[debug] [2026-04-02T18:11:02.070Z] <<< [apiv2][status] GET https://cloudresourcemanager.googleapis.com/v1/projects/sarafun-f9616 200
[debug] [2026-04-02T18:11:02.071Z] <<< [apiv2][body] GET https://cloudresourcemanager.googleapis.com/v1/projects/sarafun-f9616 {"projectNumber":"659700409826","projectId":"sarafun-f9616","lifecycleState":"ACTIVE","name":"Shertenokbot","labels":{"firebase":"enabled","firebase-core":"disabled"},"createTime":"2026-02-01T12:40:59.263015Z"}
[info] i  functions: preparing codebase default for deployment 
[info] i  functions: ensuring required API cloudfunctions.googleapis.com is enabled... 
[info] i  functions: ensuring required API cloudbuild.googleapis.com is enabled... 
[info] i  artifactregistry: ensuring required API artifactregistry.googleapis.com is enabled... 
[debug] [2026-04-02T18:11:02.081Z] Checked if tokens are valid: true, expires at: 1775155116951
[debug] [2026-04-02T18:11:02.081Z] Checked if tokens are valid: true, expires at: 1775155116951
[debug] [2026-04-02T18:11:02.082Z] >>> [apiv2][query] GET https://firebase.googleapis.com/v1beta1/projects/sarafun-f9616/adminSdkConfig [none]
[debug] [2026-04-02T18:11:02.542Z] <<< [apiv2][status] GET https://firebase.googleapis.com/v1beta1/projects/sarafun-f9616/adminSdkConfig 200
[debug] [2026-04-02T18:11:02.543Z] <<< [apiv2][body] GET https://firebase.googleapis.com/v1beta1/projects/sarafun-f9616/adminSdkConfig {"projectId":"sarafun-f9616","storageBucket":"sarafun-f9616.firebasestorage.app"}
[debug] [2026-04-02T18:11:02.544Z] Checked if tokens are valid: true, expires at: 1775155116951
[debug] [2026-04-02T18:11:02.544Z] Checked if tokens are valid: true, expires at: 1775155116951
[debug] [2026-04-02T18:11:02.544Z] >>> [apiv2][query] GET https://runtimeconfig.googleapis.com/v1beta1/projects/sarafun-f9616/configs [none]
[debug] [2026-04-02T18:11:03.549Z] <<< [apiv2][status] GET https://runtimeconfig.googleapis.com/v1beta1/projects/sarafun-f9616/configs 200
[debug] [2026-04-02T18:11:03.549Z] <<< [apiv2][body] GET https://runtimeconfig.googleapis.com/v1beta1/projects/sarafun-f9616/configs {"configs":[{"name":"projects/sarafun-f9616/configs/telegram"}]}
[debug] [2026-04-02T18:11:03.550Z] Checked if tokens are valid: true, expires at: 1775155116951
[debug] [2026-04-02T18:11:03.550Z] Checked if tokens are valid: true, expires at: 1775155116951
[debug] [2026-04-02T18:11:03.550Z] >>> [apiv2][query] GET https://runtimeconfig.googleapis.com/v1beta1/projects/sarafun-f9616/configs/telegram/variables [none]
[debug] [2026-04-02T18:11:04.419Z] <<< [apiv2][status] GET https://runtimeconfig.googleapis.com/v1beta1/projects/sarafun-f9616/configs/telegram/variables 200
[debug] [2026-04-02T18:11:04.420Z] <<< [apiv2][body] GET https://runtimeconfig.googleapis.com/v1beta1/projects/sarafun-f9616/configs/telegram/variables {"variables":[{"name":"projects/sarafun-f9616/configs/telegram/variables/token","updateTime":"2026-02-03T10:31:02.458542868Z"}]}
[debug] [2026-04-02T18:11:04.420Z] Checked if tokens are valid: true, expires at: 1775155116951
[debug] [2026-04-02T18:11:04.421Z] Checked if tokens are valid: true, expires at: 1775155116951
[debug] [2026-04-02T18:11:04.421Z] >>> [apiv2][query] GET https://runtimeconfig.googleapis.com/v1beta1/projects/sarafun-f9616/configs/telegram/variables/token [none]
[debug] [2026-04-02T18:11:05.260Z] <<< [apiv2][status] GET https://runtimeconfig.googleapis.com/v1beta1/projects/sarafun-f9616/configs/telegram/variables/token 200
[debug] [2026-04-02T18:11:05.260Z] <<< [apiv2][body] GET https://runtimeconfig.googleapis.com/v1beta1/projects/sarafun-f9616/configs/telegram/variables/token {"name":"projects/sarafun-f9616/configs/telegram/variables/token","updateTime":"2026-02-03T10:31:02.458542868Z","text":"8415205935:AAHAG2OiKCLeSrfCukcXtnjxlxXeG0-ZQu0"}
[debug] [2026-04-02T18:11:05.266Z] Validating nodejs source
[warn] !  functions: Runtime Node.js 20 will be deprecated on 2026-04-30 and will be decommissioned on 2026-10-30, after which you will not be able to deploy without upgrading. Consider upgrading now to avoid disruption. See https://cloud.google.com/functions/docs/runtime-support for full details on the lifecycle policy 
[warn] !  functions: package.json indicates an outdated version of firebase-functions. Please upgrade using npm install --save firebase-functions@latest in your functions directory. 
[warn] !  functions: Please note that there will be breaking changes when you upgrade. 
[debug] [2026-04-02T18:11:08.675Z] > [functions] package.json contents: {
  "name": "functions",
  "description": "Cloud Functions for Firebase",
  "scripts": {
    "serve": "firebase emulators:start --only functions",
    "shell": "firebase functions:shell",
    "start": "npm run shell",
    "deploy": "firebase deploy --only functions",
    "logs": "firebase functions:log"
  },
  "engines": {
    "node": "20"
  },
  "main": "src/index.js",
  "dependencies": {
    "firebase-admin": "^12.0.0",
    "firebase-functions": "^5.1.1",
    "googleapis": "^144.0.0",
    "telegraf": "^4.16.3",
    "@google/genai": "^1.48.0",
    "dotenv": "^17.4.0"
  },
  "devDependencies": {
    "firebase-functions-test": "^3.1.0"
  },
  "private": true
}
[debug] [2026-04-02T18:11:08.675Z] Building nodejs source
[info] i  functions: Loading and analyzing source code for codebase default to determine what to deploy 
[info] i  functions: You are using a version of firebase-functions SDK (4.9.0) that does not have support for the newest Firebase Extensions features. Please update firebase-functions SDK to >=5.1.0 to use them correctly 
[debug] [2026-04-02T18:11:08.678Z] Could not find functions.yaml. Must use http discovery
[debug] [2026-04-02T18:11:08.701Z] Found firebase-functions binary at 'C:\Sher_AI_Studio\projects\Agent_Assistant\functions\node_modules\.bin\firebase-functions'
[info] Serving at port 8809

[debug] [2026-04-02T18:11:10.082Z] Got response from /__/functions.yaml {"endpoints":{"bot":{"availableMemoryMb":null,"timeoutSeconds":null,"minInstances":null,"maxInstances":null,"ingressSettings":null,"concurrency":null,"serviceAccountEmail":null,"vpc":null,"platform":"gcfv2","region":["us-central1"],"secretEnvironmentVariables":[{"key":"TELEGRAM_BOT_TOKEN"},{"key":"GEMINI_API_KEY"}],"labels":{},"httpsTrigger":{},"entryPoint":"bot"}},"specVersion":"v1alpha1","requiredAPIs":[],"params":[{"type":"secret","name":"TELEGRAM_BOT_TOKEN"},{"type":"secret","name":"GEMINI_API_KEY"}]}
[info] i  functions: Loaded environment variables from .env. 
[info] i  functions: preparing functions directory for uploading... 
[info] i  functions: packaged C:\Sher_AI_Studio\projects\Agent_Assistant\functions (75.98 KB) for uploading 
[debug] [2026-04-02T18:11:14.173Z] Checked if tokens are valid: true, expires at: 1775155116951
[debug] [2026-04-02T18:11:14.173Z] Checked if tokens are valid: true, expires at: 1775155116951
[debug] [2026-04-02T18:11:14.174Z] >>> [apiv2][query] GET https://cloudfunctions.googleapis.com/v1/projects/sarafun-f9616/locations/-/functions [none]
[debug] [2026-04-02T18:11:15.182Z] <<< [apiv2][status] GET https://cloudfunctions.googleapis.com/v1/projects/sarafun-f9616/locations/-/functions 200
[debug] [2026-04-02T18:11:15.182Z] <<< [apiv2][body] GET https://cloudfunctions.googleapis.com/v1/projects/sarafun-f9616/locations/-/functions {}
[debug] [2026-04-02T18:11:15.182Z] Checked if tokens are valid: true, expires at: 1775155116951
[debug] [2026-04-02T18:11:15.182Z] Checked if tokens are valid: true, expires at: 1775155116951
[debug] [2026-04-02T18:11:15.182Z] >>> [apiv2][query] GET https://cloudfunctions.googleapis.com/v2/projects/sarafun-f9616/locations/-/functions filter=environment%3D%22GEN_2%22
[debug] [2026-04-02T18:11:16.670Z] <<< [apiv2][status] GET https://cloudfunctions.googleapis.com/v2/projects/sarafun-f9616/locations/-/functions 200
[debug] [2026-04-02T18:11:16.670Z] <<< [apiv2][body] GET https://cloudfunctions.googleapis.com/v2/projects/sarafun-f9616/locations/-/functions {"functions":[{"name":"projects/sarafun-f9616/locations/us-central1/functions/bot","buildConfig":{"build":"projects/659700409826/locations/us-central1/builds/b5849afa-ed4d-4b14-8052-9db77a6aa798","runtime":"nodejs20","entryPoint":"bot","source":{"storageSource":{"bucket":"gcf-v2-sources-659700409826-us-central1","object":"bot/function-source.zip","generation":"1775152374825448"}},"environmentVariables":{"GOOGLE_NODE_RUN_SCRIPTS":""},"dockerRepository":"projects/sarafun-f9616/locations/us-central1/repositories/gcf-artifacts","sourceProvenance":{"resolvedStorageSource":{"bucket":"gcf-v2-sources-659700409826-us-central1","object":"bot/function-source.zip","generation":"1775152374825448"}},"dockerRegistry":"ARTIFACT_REGISTRY","serviceAccount":"projects/sarafun-f9616/serviceAccounts/659700409826-compute@developer.gserviceaccount.com","automaticUpdatePolicy":{}},"serviceConfig":{"service":"projects/sarafun-f9616/locations/us-central1/services/bot","timeoutSeconds":60,"environmentVariables":{"TELEGRAM_BOT_TOKEN":"8627860025:AAF5LevEeGDi4iBTpYrDb9bd101FC6DdMaA","GEMINI_API_KEY":"AIzaSyDQR1Ziz6WOHGc-eUKNy9guiSl6wPqAAM8","FIREBASE_CONFIG":"{\"projectId\":\"sarafun-f9616\",\"storageBucket\":\"sarafun-f9616.firebasestorage.app\"}","GCLOUD_PROJECT":"sarafun-f9616","EVENTARC_CLOUD_EVENT_SOURCE":"projects/sarafun-f9616/locations/us-central1/services/bot","FUNCTION_TARGET":"bot","LOG_EXECUTION_ID":"true"},"maxInstanceCount":20,"ingressSettings":"ALLOW_ALL","uri":"https://bot-umwk5hmhvq-uc.a.run.app","serviceAccountEmail":"659700409826-compute@developer.gserviceaccount.com","availableMemory":"256Mi","allTrafficOnLatestRevision":true,"revision":"bot-00002-ror","maxInstanceRequestConcurrency":80,"availableCpu":"1"},"state":"ACTIVE","updateTime":"2026-04-02T17:53:55.696540019Z","labels":{"deployment-tool":"cli-firebase","firebase-functions-hash":"73ad1f68b3a1411a9e091e05e45e6b30f757546a"},"environment":"GEN_2","url":"https://us-central1-sarafun-f9616.cloudfunctions.net/bot","createTime":"2026-04-02T17:36:37.007629263Z","satisfiesPzi":true}]}
[info] i  functions: ensuring required API run.googleapis.com is enabled... 
[info] i  functions: ensuring required API eventarc.googleapis.com is enabled... 
[info] i  functions: ensuring required API pubsub.googleapis.com is enabled... 
[info] i  functions: ensuring required API storage.googleapis.com is enabled... 
[info] i  functions: generating the service identity for pubsub.googleapis.com... 
[debug] [2026-04-02T18:11:16.675Z] Checked if tokens are valid: true, expires at: 1775155116951
[debug] [2026-04-02T18:11:16.675Z] Checked if tokens are valid: true, expires at: 1775155116951
[info] i  functions: generating the service identity for eventarc.googleapis.com... 
[debug] [2026-04-02T18:11:16.675Z] Checked if tokens are valid: true, expires at: 1775155116951
[debug] [2026-04-02T18:11:16.675Z] Checked if tokens are valid: true, expires at: 1775155116951
[debug] [2026-04-02T18:11:16.675Z] >>> [apiv2][query] POST https://serviceusage.googleapis.com/v1beta1/projects/659700409826/services/pubsub.googleapis.com:generateServiceIdentity [none]
[debug] [2026-04-02T18:11:16.675Z] >>> [apiv2][(partial)header] POST https://serviceusage.googleapis.com/v1beta1/projects/659700409826/services/pubsub.googleapis.com:generateServiceIdentity  x-goog-user-project=659700409826
[debug] [2026-04-02T18:11:16.675Z] >>> [apiv2][body] POST https://serviceusage.googleapis.com/v1beta1/projects/659700409826/services/pubsub.googleapis.com:generateServiceIdentity {}
[debug] [2026-04-02T18:11:16.677Z] >>> [apiv2][query] POST https://serviceusage.googleapis.com/v1beta1/projects/659700409826/services/eventarc.googleapis.com:generateServiceIdentity [none]
[debug] [2026-04-02T18:11:16.677Z] >>> [apiv2][(partial)header] POST https://serviceusage.googleapis.com/v1beta1/projects/659700409826/services/eventarc.googleapis.com:generateServiceIdentity  x-goog-user-project=659700409826
[debug] [2026-04-02T18:11:16.677Z] >>> [apiv2][body] POST https://serviceusage.googleapis.com/v1beta1/projects/659700409826/services/eventarc.googleapis.com:generateServiceIdentity {}
[debug] [2026-04-02T18:11:18.041Z] <<< [apiv2][status] POST https://serviceusage.googleapis.com/v1beta1/projects/659700409826/services/pubsub.googleapis.com:generateServiceIdentity 200
[debug] [2026-04-02T18:11:18.041Z] <<< [apiv2][body] POST https://serviceusage.googleapis.com/v1beta1/projects/659700409826/services/pubsub.googleapis.com:generateServiceIdentity {"name":"operations/finished.DONE_OPERATION","done":true,"response":{"@type":"type.googleapis.com/google.api.serviceusage.v1beta1.ServiceIdentity","email":"service-659700409826@gcp-sa-pubsub.iam.gserviceaccount.com","uniqueId":"106158079740598375558"}}
[debug] [2026-04-02T18:11:18.161Z] <<< [apiv2][status] POST https://serviceusage.googleapis.com/v1beta1/projects/659700409826/services/eventarc.googleapis.com:generateServiceIdentity 200
[debug] [2026-04-02T18:11:18.161Z] <<< [apiv2][body] POST https://serviceusage.googleapis.com/v1beta1/projects/659700409826/services/eventarc.googleapis.com:generateServiceIdentity {"name":"operations/finished.DONE_OPERATION","done":true,"response":{"@type":"type.googleapis.com/google.api.serviceusage.v1beta1.ServiceIdentity","email":"service-659700409826@gcp-sa-eventarc.iam.gserviceaccount.com","uniqueId":"115246266510798543439"}}
[info] i  functions: ensuring required API secretmanager.googleapis.com is enabled... 
[debug] [2026-04-02T18:11:18.162Z] Checked if tokens are valid: true, expires at: 1775155116951
[debug] [2026-04-02T18:11:18.163Z] Checked if tokens are valid: true, expires at: 1775155116951
[debug] [2026-04-02T18:11:18.163Z] Checked if tokens are valid: true, expires at: 1775155116951
[debug] [2026-04-02T18:11:18.163Z] Checked if tokens are valid: true, expires at: 1775155116951
[debug] [2026-04-02T18:11:18.163Z] >>> [apiv2][query] GET https://secretmanager.googleapis.com/v1/projects/sarafun-f9616/secrets/TELEGRAM_BOT_TOKEN/versions/latest [none]
[debug] [2026-04-02T18:11:18.164Z] >>> [apiv2][query] GET https://secretmanager.googleapis.com/v1/projects/sarafun-f9616/secrets/GEMINI_API_KEY/versions/latest [none]
[debug] [2026-04-02T18:11:18.737Z] <<< [apiv2][status] GET https://secretmanager.googleapis.com/v1/projects/sarafun-f9616/secrets/TELEGRAM_BOT_TOKEN/versions/latest 200
[debug] [2026-04-02T18:11:18.737Z] <<< [apiv2][body] GET https://secretmanager.googleapis.com/v1/projects/sarafun-f9616/secrets/TELEGRAM_BOT_TOKEN/versions/latest {"name":"projects/659700409826/secrets/TELEGRAM_BOT_TOKEN/versions/3","createTime":"2026-04-02T17:48:29.618365Z","state":"ENABLED","replicationStatus":{"automatic":{}},"etag":"\"164e7dceea84bd\""}
[debug] [2026-04-02T18:11:18.737Z] Resolved secret version of TELEGRAM_BOT_TOKEN to 3.
[debug] [2026-04-02T18:11:18.975Z] <<< [apiv2][status] GET https://secretmanager.googleapis.com/v1/projects/sarafun-f9616/secrets/GEMINI_API_KEY/versions/latest 200
[debug] [2026-04-02T18:11:18.975Z] <<< [apiv2][body] GET https://secretmanager.googleapis.com/v1/projects/sarafun-f9616/secrets/GEMINI_API_KEY/versions/latest {"name":"projects/659700409826/secrets/GEMINI_API_KEY/versions/1","createTime":"2026-04-02T17:47:30.246798Z","state":"ENABLED","replicationStatus":{"automatic":{}},"etag":"\"164e7dcb60948e\""}
[debug] [2026-04-02T18:11:18.975Z] Resolved secret version of GEMINI_API_KEY to 1.
[debug] [2026-04-02T18:11:18.976Z] Checked if tokens are valid: true, expires at: 1775155116951
[debug] [2026-04-02T18:11:18.976Z] Checked if tokens are valid: true, expires at: 1775155116951
[debug] [2026-04-02T18:11:18.976Z] >>> [apiv2][query] GET https://cloudresourcemanager.googleapis.com/v1/projects/sarafun-f9616 [none]
[debug] [2026-04-02T18:11:19.962Z] <<< [apiv2][status] GET https://cloudresourcemanager.googleapis.com/v1/projects/sarafun-f9616 200
[debug] [2026-04-02T18:11:19.962Z] <<< [apiv2][body] GET https://cloudresourcemanager.googleapis.com/v1/projects/sarafun-f9616 {"projectNumber":"659700409826","projectId":"sarafun-f9616","lifecycleState":"ACTIVE","name":"Shertenokbot","labels":{"firebase":"enabled","firebase-core":"disabled"},"createTime":"2026-02-01T12:40:59.263015Z"}
[debug] [2026-04-02T18:11:19.962Z] Checked if tokens are valid: true, expires at: 1775155116951
[debug] [2026-04-02T18:11:19.962Z] Checked if tokens are valid: true, expires at: 1775155116951
[debug] [2026-04-02T18:11:19.962Z] >>> [apiv2][query] GET https://compute.googleapis.com/compute/v1/projects/659700409826 [none]
[debug] [2026-04-02T18:11:21.273Z] <<< [apiv2][status] GET https://compute.googleapis.com/compute/v1/projects/659700409826 403
[debug] [2026-04-02T18:11:21.273Z] <<< [apiv2][body] GET https://compute.googleapis.com/compute/v1/projects/659700409826 {"error":{"code":403,"message":"Compute Engine API has not been used in project 659700409826 before or it is disabled. Enable it by visiting https://console.developers.google.com/apis/api/compute.googleapis.com/overview?project=659700409826 then retry. If you enabled this API recently, wait a few minutes for the action to propagate to our systems and retry.","errors":[{"message":"Compute Engine API has not been used in project 659700409826 before or it is disabled. Enable it by visiting https://console.developers.google.com/apis/api/compute.googleapis.com/overview?project=659700409826 then retry. If you enabled this API recently, wait a few minutes for the action to propagate to our systems and retry.","domain":"usageLimits","reason":"accessNotConfigured","extendedHelp":"https://console.developers.google.com"}],"status":"PERMISSION_DENIED","details":[{"@type":"type.googleapis.com/google.rpc.ErrorInfo","reason":"SERVICE_DISABLED","domain":"googleapis.com","metadata":{"activationUrl":"https://console.developers.google.com/apis/api/compute.googleapis.com/overview?project=659700409826","serviceTitle":"Compute Engine API","consumer":"projects/659700409826","service":"compute.googleapis.com","containerInfo":"659700409826"}},{"@type":"type.googleapis.com/google.rpc.LocalizedMessage","locale":"en-US","message":"Compute Engine API has not been used in project 659700409826 before or it is disabled. Enable it by visiting https://console.developers.google.com/apis/api/compute.googleapis.com/overview?project=659700409826 then retry. If you enabled this API recently, wait a few minutes for the action to propagate to our systems and retry."},{"@type":"type.googleapis.com/google.rpc.Help","links":[{"description":"Google developers console API activation","url":"https://console.developers.google.com/apis/api/compute.googleapis.com/overview?project=659700409826"}]}]}}
[debug] [2026-04-02T18:11:21.274Z] unable to look up default compute service account. Falling back to 659700409826-compute@developer.gserviceaccount.com. Error: {"name":"FirebaseError","children":[],"context":{"body":{"error":{"code":403,"message":"Compute Engine API has not been used in project 659700409826 before or it is disabled. Enable it by visiting https://console.developers.google.com/apis/api/compute.googleapis.com/overview?project=659700409826 then retry. If you enabled this API recently, wait a few minutes for the action to propagate to our systems and retry.","errors":[{"message":"Compute Engine API has not been used in project 659700409826 before or it is disabled. Enable it by visiting https://console.developers.google.com/apis/api/compute.googleapis.com/overview?project=659700409826 then retry. If you enabled this API recently, wait a few minutes for the action to propagate to our systems and retry.","domain":"usageLimits","reason":"accessNotConfigured","extendedHelp":"https://console.developers.google.com"}],"status":"PERMISSION_DENIED","details":[{"@type":"type.googleapis.com/google.rpc.ErrorInfo","reason":"SERVICE_DISABLED","domain":"googleapis.com","metadata":{"activationUrl":"https://console.developers.google.com/apis/api/compute.googleapis.com/overview?project=659700409826","serviceTitle":"Compute Engine API","consumer":"projects/659700409826","service":"compute.googleapis.com","containerInfo":"659700409826"}},{"@type":"type.googleapis.com/google.rpc.LocalizedMessage","locale":"en-US","message":"Compute Engine API has not been used in project 659700409826 before or it is disabled. Enable it by visiting https://console.developers.google.com/apis/api/compute.googleapis.com/overview?project=659700409826 then retry. If you enabled this API recently, wait a few minutes for the action to propagate to our systems and retry."},{"@type":"type.googleapis.com/google.rpc.Help","links":[{"description":"Google developers console API activation","url":"https://console.developers.google.com/apis/api/compute.googleapis.com/overview?project=659700409826"}]}]}},"response":{"statusCode":403}},"exit":1,"message":"Request to https://compute.googleapis.com/compute/v1/projects/659700409826 had HTTP Error: 403, Compute Engine API has not been used in project 659700409826 before or it is disabled. Enable it by visiting https://console.developers.google.com/apis/api/compute.googleapis.com/overview?project=659700409826 then retry. If you enabled this API recently, wait a few minutes for the action to propagate to our systems and retry.","status":403}
[info] i  functions: ensuring 659700409826-compute@developer.gserviceaccount.com access to secret TELEGRAM_BOT_TOKEN. 
[debug] [2026-04-02T18:11:21.274Z] Checked if tokens are valid: true, expires at: 1775155116951
[debug] [2026-04-02T18:11:21.274Z] Checked if tokens are valid: true, expires at: 1775155116951
[info] i  functions: ensuring 659700409826-compute@developer.gserviceaccount.com access to secret GEMINI_API_KEY. 
[debug] [2026-04-02T18:11:21.275Z] Checked if tokens are valid: true, expires at: 1775155116951
[debug] [2026-04-02T18:11:21.275Z] Checked if tokens are valid: true, expires at: 1775155116951
[debug] [2026-04-02T18:11:21.275Z] >>> [apiv2][query] GET https://secretmanager.googleapis.com/v1/projects/sarafun-f9616/secrets/TELEGRAM_BOT_TOKEN:getIamPolicy [none]
[debug] [2026-04-02T18:11:21.275Z] >>> [apiv2][query] GET https://secretmanager.googleapis.com/v1/projects/sarafun-f9616/secrets/GEMINI_API_KEY:getIamPolicy [none]
[debug] [2026-04-02T18:11:21.944Z] <<< [apiv2][status] GET https://secretmanager.googleapis.com/v1/projects/sarafun-f9616/secrets/GEMINI_API_KEY:getIamPolicy 200
[debug] [2026-04-02T18:11:21.944Z] <<< [apiv2][body] GET https://secretmanager.googleapis.com/v1/projects/sarafun-f9616/secrets/GEMINI_API_KEY:getIamPolicy {"etag":"ACAB"}
[debug] [2026-04-02T18:11:21.945Z] Checked if tokens are valid: true, expires at: 1775155116951
[debug] [2026-04-02T18:11:21.945Z] Checked if tokens are valid: true, expires at: 1775155116951
[debug] [2026-04-02T18:11:21.945Z] >>> [apiv2][query] POST https://secretmanager.googleapis.com/v1/projects/sarafun-f9616/secrets/GEMINI_API_KEY:setIamPolicy [none]
[debug] [2026-04-02T18:11:21.945Z] >>> [apiv2][body] POST https://secretmanager.googleapis.com/v1/projects/sarafun-f9616/secrets/GEMINI_API_KEY:setIamPolicy {"policy":{"bindings":[{"role":"roles/secretmanager.secretAccessor","members":["serviceAccount:659700409826-compute@developer.gserviceaccount.com"]}]},"updateMask":"bindings"}
[debug] [2026-04-02T18:11:22.059Z] <<< [apiv2][status] GET https://secretmanager.googleapis.com/v1/projects/sarafun-f9616/secrets/TELEGRAM_BOT_TOKEN:getIamPolicy 200
[debug] [2026-04-02T18:11:22.060Z] <<< [apiv2][body] GET https://secretmanager.googleapis.com/v1/projects/sarafun-f9616/secrets/TELEGRAM_BOT_TOKEN:getIamPolicy {"version":1,"etag":"BwZLYwIpb0o=","bindings":[{"role":"roles/secretmanager.secretAccessor","members":["serviceAccount:sarafun-f9616@appspot.gserviceaccount.com"]}]}
[debug] [2026-04-02T18:11:22.060Z] Checked if tokens are valid: true, expires at: 1775155116951
[debug] [2026-04-02T18:11:22.060Z] Checked if tokens are valid: true, expires at: 1775155116951
[debug] [2026-04-02T18:11:22.060Z] >>> [apiv2][query] POST https://secretmanager.googleapis.com/v1/projects/sarafun-f9616/secrets/TELEGRAM_BOT_TOKEN:setIamPolicy [none]
[debug] [2026-04-02T18:11:22.060Z] >>> [apiv2][body] POST https://secretmanager.googleapis.com/v1/projects/sarafun-f9616/secrets/TELEGRAM_BOT_TOKEN:setIamPolicy {"policy":{"bindings":[{"role":"roles/secretmanager.secretAccessor","members":["serviceAccount:sarafun-f9616@appspot.gserviceaccount.com","serviceAccount:659700409826-compute@developer.gserviceaccount.com"]}]},"updateMask":"bindings"}
[debug] [2026-04-02T18:11:22.723Z] <<< [apiv2][status] POST https://secretmanager.googleapis.com/v1/projects/sarafun-f9616/secrets/GEMINI_API_KEY:setIamPolicy 200
[debug] [2026-04-02T18:11:22.723Z] <<< [apiv2][body] POST https://secretmanager.googleapis.com/v1/projects/sarafun-f9616/secrets/GEMINI_API_KEY:setIamPolicy {"version":1,"etag":"BwZOfiC4h10=","bindings":[{"role":"roles/secretmanager.secretAccessor","members":["serviceAccount:659700409826-compute@developer.gserviceaccount.com"]}]}
[info] +  secretmanager: Granted roles/secretmanager.secretAccessor on projects/sarafun-f9616/secrets/GEMINI_API_KEY to 659700409826-compute@developer.gserviceaccount.com 
[info] +  functions: ensured 659700409826-compute@developer.gserviceaccount.com access to GEMINI_API_KEY. 
[debug] [2026-04-02T18:11:22.732Z] <<< [apiv2][status] POST https://secretmanager.googleapis.com/v1/projects/sarafun-f9616/secrets/TELEGRAM_BOT_TOKEN:setIamPolicy 200
[debug] [2026-04-02T18:11:22.732Z] <<< [apiv2][body] POST https://secretmanager.googleapis.com/v1/projects/sarafun-f9616/secrets/TELEGRAM_BOT_TOKEN:setIamPolicy {"version":1,"etag":"BwZOfiC4mRI=","bindings":[{"role":"roles/secretmanager.secretAccessor","members":["serviceAccount:659700409826-compute@developer.gserviceaccount.com","serviceAccount:sarafun-f9616@appspot.gserviceaccount.com"]}]}
[info] +  secretmanager: Granted roles/secretmanager.secretAccessor on projects/sarafun-f9616/secrets/TELEGRAM_BOT_TOKEN to 659700409826-compute@developer.gserviceaccount.com 
[info] +  functions: ensured 659700409826-compute@developer.gserviceaccount.com access to TELEGRAM_BOT_TOKEN. 
[debug] [2026-04-02T18:11:22.734Z] Checked if tokens are valid: true, expires at: 1775155116951
[debug] [2026-04-02T18:11:22.734Z] Checked if tokens are valid: true, expires at: 1775155116951
[debug] [2026-04-02T18:11:22.734Z] >>> [apiv2][query] POST https://cloudfunctions.googleapis.com/v2/projects/sarafun-f9616/locations/us-central1/functions:generateUploadUrl [none]
[debug] [2026-04-02T18:11:24.000Z] <<< [apiv2][status] POST https://cloudfunctions.googleapis.com/v2/projects/sarafun-f9616/locations/us-central1/functions:generateUploadUrl 200
[debug] [2026-04-02T18:11:24.000Z] <<< [apiv2][body] POST https://cloudfunctions.googleapis.com/v2/projects/sarafun-f9616/locations/us-central1/functions:generateUploadUrl {"uploadUrl":"https://storage.googleapis.com/gcf-v2-uploads-659700409826.us-central1.cloudfunctions.appspot.com/c6dff6f0-0a1c-4390-a2fb-57e0ce9801ac.zip?GoogleAccessId=service-659700409826@gcf-admin-robot.iam.gserviceaccount.com&Expires=1775155283&Signature=ObjFPDETH3C4NhIapZuSclgec1GXEFCvCRKJifADQzxWXlt9rCR947%2FlVmTUaU%2FKJ89db6UkTnDnwtUQxtIKNoxVMOfjqxCOtFH5R0PKXdIPFXtrb90VqgoF3GGtkw0d4LPkHs%2BIXtSZiHFdZRQ5nLCwMtPyG1RvQfisTCKIQp%2BHot5yPjLpz0TiGULE2jAXI8FzO841guGhL9fHEhMzUiucJVoT7qKgDkcXaJ9Hsrpb3tr8qKryH9Ra08Xh%2BYPaaww9EijrxqL9b4pqwBO%2FBV0R5NHy9rmzXpT5SkCgVxdYRcNGuZKnRqW7BSV3Dv6os%2B1XYruNmVfVaGFU0VJeBA%3D%3D","storageSource":{"bucket":"gcf-v2-uploads-659700409826.us-central1.cloudfunctions.appspot.com","object":"c6dff6f0-0a1c-4390-a2fb-57e0ce9801ac.zip"}}
[debug] [2026-04-02T18:11:24.001Z] >>> [apiv2][query] PUT https://storage.googleapis.com/gcf-v2-uploads-659700409826.us-central1.cloudfunctions.appspot.com/c6dff6f0-0a1c-4390-a2fb-57e0ce9801ac.zip GoogleAccessId=service-659700409826%40gcf-admin-robot.iam.gserviceaccount.com&Expires=1775155283&Signature=ObjFPDETH3C4NhIapZuSclgec1GXEFCvCRKJifADQzxWXlt9rCR947%2FlVmTUaU%2FKJ89db6UkTnDnwtUQxtIKNoxVMOfjqxCOtFH5R0PKXdIPFXtrb90VqgoF3GGtkw0d4LPkHs%2BIXtSZiHFdZRQ5nLCwMtPyG1RvQfisTCKIQp%2BHot5yPjLpz0TiGULE2jAXI8FzO841guGhL9fHEhMzUiucJVoT7qKgDkcXaJ9Hsrpb3tr8qKryH9Ra08Xh%2BYPaaww9EijrxqL9b4pqwBO%2FBV0R5NHy9rmzXpT5SkCgVxdYRcNGuZKnRqW7BSV3Dv6os%2B1XYruNmVfVaGFU0VJeBA%3D%3D
[debug] [2026-04-02T18:11:24.001Z] >>> [apiv2][body] PUT https://storage.googleapis.com/gcf-v2-uploads-659700409826.us-central1.cloudfunctions.appspot.com/c6dff6f0-0a1c-4390-a2fb-57e0ce9801ac.zip [stream]
[debug] [2026-04-02T18:11:24.829Z] <<< [apiv2][status] PUT https://storage.googleapis.com/gcf-v2-uploads-659700409826.us-central1.cloudfunctions.appspot.com/c6dff6f0-0a1c-4390-a2fb-57e0ce9801ac.zip 200
[debug] [2026-04-02T18:11:24.830Z] <<< [apiv2][body] PUT https://storage.googleapis.com/gcf-v2-uploads-659700409826.us-central1.cloudfunctions.appspot.com/c6dff6f0-0a1c-4390-a2fb-57e0ce9801ac.zip [omitted]
[info] +  functions: functions source uploaded successfully 
[info] i  functions: updating Node.js 20 (2nd Gen) function bot(us-central1)... 
[debug] [2026-04-02T18:11:24.834Z] Checked if tokens are valid: true, expires at: 1775155116951
[debug] [2026-04-02T18:11:24.834Z] Checked if tokens are valid: true, expires at: 1775155116951
[debug] [2026-04-02T18:11:24.834Z] >>> [apiv2][query] PATCH https://cloudfunctions.googleapis.com/v2/projects/sarafun-f9616/locations/us-central1/functions/bot updateMask=name%2CbuildConfig.runtime%2CbuildConfig.entryPoint%2CbuildConfig.source.storageSource.bucket%2CbuildConfig.source.storageSource.object%2CbuildConfig.environmentVariables%2CbuildConfig.sourceToken%2CserviceConfig.environmentVariables%2CserviceConfig.secretEnvironmentVariables%2CserviceConfig.ingressSettings%2CserviceConfig.timeoutSeconds%2CserviceConfig.serviceAccountEmail%2CserviceConfig.availableMemory%2CserviceConfig.minInstanceCount%2CserviceConfig.maxInstanceCount%2CserviceConfig.maxInstanceRequestConcurrency%2CserviceConfig.availableCpu%2CserviceConfig.vpcConnector%2CserviceConfig.vpcConnectorEgressSettings%2Clabels
[debug] [2026-04-02T18:11:24.834Z] >>> [apiv2][body] PATCH https://cloudfunctions.googleapis.com/v2/projects/sarafun-f9616/locations/us-central1/functions/bot {"name":"projects/sarafun-f9616/locations/us-central1/functions/bot","buildConfig":{"runtime":"nodejs20","entryPoint":"bot","source":{"storageSource":{"bucket":"gcf-v2-uploads-659700409826.us-central1.cloudfunctions.appspot.com","object":"c6dff6f0-0a1c-4390-a2fb-57e0ce9801ac.zip"}},"environmentVariables":{"GOOGLE_NODE_RUN_SCRIPTS":""}},"serviceConfig":{"environmentVariables":{"TELEGRAM_BOT_TOKEN":"8627860025:AAF5LevEeGDi4iBTpYrDb9bd101FC6DdMaA","GEMINI_API_KEY":"AIzaSyDQR1Ziz6WOHGc-eUKNy9guiSl6wPqAAM8","FIREBASE_CONFIG":"{\"projectId\":\"sarafun-f9616\",\"storageBucket\":\"sarafun-f9616.firebasestorage.app\"}","GCLOUD_PROJECT":"sarafun-f9616","EVENTARC_CLOUD_EVENT_SOURCE":"projects/sarafun-f9616/locations/us-central1/services/bot","FUNCTION_TARGET":"bot","LOG_EXECUTION_ID":"true"},"secretEnvironmentVariables":[{"key":"TELEGRAM_BOT_TOKEN","secret":"TELEGRAM_BOT_TOKEN","projectId":"sarafun-f9616","version":"3"},{"key":"GEMINI_API_KEY","secret":"GEMINI_API_KEY","projectId":"sarafun-f9616","version":"1"}],"ingressSettings":null,"timeoutSeconds":null,"serviceAccountEmail":null,"availableMemory":"256Mi","minInstanceCount":null,"maxInstanceCount":null,"maxInstanceRequestConcurrency":80,"availableCpu":"1","vpcConnector":null,"vpcConnectorEgressSettings":null},"labels":{"deployment-tool":"cli-firebase","firebase-functions-hash":"02c4bca7bcfb6bdafad17af48dcafd6cd1ac3e09"}}
[debug] [2026-04-02T18:11:26.417Z] <<< [apiv2][status] PATCH https://cloudfunctions.googleapis.com/v2/projects/sarafun-f9616/locations/us-central1/functions/bot 400
[debug] [2026-04-02T18:11:26.417Z] <<< [apiv2][body] PATCH https://cloudfunctions.googleapis.com/v2/projects/sarafun-f9616/locations/us-central1/functions/bot {"error":{"code":400,"message":"Could not update Cloud Run service projects/sarafun-f9616/locations/us-central1/services/bot. spec.template.spec.containers[0].env: Secret environment variable overlaps non secret environment variable: TELEGRAM_BOT_TOKEN","status":"INVALID_ARGUMENT"}}
[warn] !  functions: Request to https://cloudfunctions.googleapis.com/v2/projects/sarafun-f9616/locations/us-central1/functions/bot?updateMask=name%2CbuildConfig.runtime%2CbuildConfig.entryPoint%2CbuildConfig.source.storageSource.bucket%2CbuildConfig.source.storageSource.object%2CbuildConfig.environmentVariables%2CbuildConfig.sourceToken%2CserviceConfig.environmentVariables%2CserviceConfig.secretEnvironmentVariables%2CserviceConfig.ingressSettings%2CserviceConfig.timeoutSeconds%2CserviceConfig.serviceAccountEmail%2CserviceConfig.availableMemory%2CserviceConfig.minInstanceCount%2CserviceConfig.maxInstanceCount%2CserviceConfig.maxInstanceRequestConcurrency%2CserviceConfig.availableCpu%2CserviceConfig.vpcConnector%2CserviceConfig.vpcConnectorEgressSettings%2Clabels had HTTP Error: 400, Could not update Cloud Run service projects/sarafun-f9616/locations/us-central1/services/bot. spec.template.spec.containers[0].env: Secret environment variable overlaps non secret environment variable: TELEGRAM_BOT_TOKEN 
[warn] !  functions:  failed to update function projects/sarafun-f9616/locations/us-central1/functions/bot 
[error] Failed to update function projects/sarafun-f9616/locations/us-central1/functions/bot
[debug] [2026-04-02T18:11:26.424Z] Total Function Deployment time: 1587
[debug] [2026-04-02T18:11:26.424Z] 1 Functions Deployed
[debug] [2026-04-02T18:11:26.424Z] 1 Functions Errored
[debug] [2026-04-02T18:11:26.424Z] 0 Function Deployments Aborted
[debug] [2026-04-02T18:11:26.424Z] Average Function Deployment time: 1586
[info] 
[info] Functions deploy had errors with the following functions:
	bot(us-central1)
[debug] [2026-04-02T18:11:26.665Z] Not printing URL for HTTPS function. Typically this means it didn't match a filter or we failed deployment
[debug] [2026-04-02T18:11:26.665Z] Checked if tokens are valid: true, expires at: 1775155116951
[debug] [2026-04-02T18:11:26.665Z] Checked if tokens are valid: true, expires at: 1775155116951
[debug] [2026-04-02T18:11:26.665Z] >>> [apiv2][query] GET https://artifactregistry.googleapis.com/v1/projects/sarafun-f9616/locations/us-central1/repositories/gcf-artifacts [none]
[debug] [2026-04-02T18:11:27.929Z] <<< [apiv2][status] GET https://artifactregistry.googleapis.com/v1/projects/sarafun-f9616/locations/us-central1/repositories/gcf-artifacts 200
[debug] [2026-04-02T18:11:27.930Z] <<< [apiv2][body] GET https://artifactregistry.googleapis.com/v1/projects/sarafun-f9616/locations/us-central1/repositories/gcf-artifacts {"name":"projects/sarafun-f9616/locations/us-central1/repositories/gcf-artifacts","format":"DOCKER","description":"This repository is created and used by Cloud Functions for storing function docker images.","labels":{"goog-managed-by":"cloudfunctions"},"createTime":"2026-02-02T19:54:17.313196Z","updateTime":"2026-04-02T17:53:35.849681Z","mode":"STANDARD_REPOSITORY","cleanupPolicies":{"firebase-functions-cleanup":{"id":"firebase-functions-cleanup","action":"DELETE","condition":{"tagState":"ANY","olderThan":"2592000s"}}},"sizeBytes":"137918615","vulnerabilityScanningConfig":{"lastEnableTime":"2026-02-02T19:54:09.988297468Z","enablementState":"SCANNING_DISABLED","enablementStateReason":"API containerscanning.googleapis.com is not enabled."},"satisfiesPzi":true,"registryUri":"us-central1-docker.pkg.dev/sarafun-f9616/gcf-artifacts"}
[debug] [2026-04-02T18:11:27.930Z] Functions deploy failed.
[debug] [2026-04-02T18:11:27.930Z] {
  "endpoint": {
    "id": "bot",
    "project": "sarafun-f9616",
    "region": "us-central1",
    "entryPoint": "bot",
    "platform": "gcfv2",
    "runtime": "nodejs20",
    "httpsTrigger": {},
    "labels": {
      "deployment-tool": "cli-firebase"
    },
    "secretEnvironmentVariables": [
      {
        "key": "TELEGRAM_BOT_TOKEN",
        "secret": "TELEGRAM_BOT_TOKEN",
        "projectId": "sarafun-f9616",
        "version": "3"
      },
      {
        "key": "GEMINI_API_KEY",
        "secret": "GEMINI_API_KEY",
        "projectId": "sarafun-f9616",
        "version": "1"
      }
    ],
    "serviceAccount": null,
    "ingressSettings": null,
    "availableMemoryMb": null,
    "timeoutSeconds": null,
    "maxInstances": null,
    "minInstances": null,
    "concurrency": 80,
    "vpc": null,
    "environmentVariables": {
      "TELEGRAM_BOT_TOKEN": "8627860025:AAF5LevEeGDi4iBTpYrDb9bd101FC6DdMaA",
      "GEMINI_API_KEY": "AIzaSyDQR1Ziz6WOHGc-eUKNy9guiSl6wPqAAM8",
      "FIREBASE_CONFIG": "{\"projectId\":\"sarafun-f9616\",\"storageBucket\":\"sarafun-f9616.firebasestorage.app\"}",
      "GCLOUD_PROJECT": "sarafun-f9616",
      "EVENTARC_CLOUD_EVENT_SOURCE": "projects/sarafun-f9616/locations/us-central1/services/bot"
    },
    "codebase": "default",
    "runServiceId": "bot",
    "cpu": 1,
    "securityLevel": "SECURE_ALWAYS",
    "targetedByOnly": false,
    "hash": "02c4bca7bcfb6bdafad17af48dcafd6cd1ac3e09"
  },
  "op": "update",
  "original": {
    "name": "FirebaseError",
    "children": [],
    "context": {
      "function": "projects/sarafun-f9616/locations/us-central1/functions/bot"
    },
    "exit": 1,
    "message": "Failed to update function projects/sarafun-f9616/locations/us-central1/functions/bot",
    "original": {
      "name": "FirebaseError",
      "children": [],
      "context": {
        "body": {
          "error": {
            "code": 400,
            "message": "Could not update Cloud Run service projects/sarafun-f9616/locations/us-central1/services/bot. spec.template.spec.containers[0].env: Secret environment variable overlaps non secret environment variable: TELEGRAM_BOT_TOKEN",
            "status": "INVALID_ARGUMENT"
          }
        },
        "response": {
          "statusCode": 400
        }
      },
      "exit": 1,
      "message": "Request to https://cloudfunctions.googleapis.com/v2/projects/sarafun-f9616/locations/us-central1/functions/bot?updateMask=name%2CbuildConfig.runtime%2CbuildConfig.entryPoint%2CbuildConfig.source.storageSource.bucket%2CbuildConfig.source.storageSource.object%2CbuildConfig.environmentVariables%2CbuildConfig.sourceToken%2CserviceConfig.environmentVariables%2CserviceConfig.secretEnvironmentVariables%2CserviceConfig.ingressSettings%2CserviceConfig.timeoutSeconds%2CserviceConfig.serviceAccountEmail%2CserviceConfig.availableMemory%2CserviceConfig.minInstanceCount%2CserviceConfig.maxInstanceCount%2CserviceConfig.maxInstanceRequestConcurrency%2CserviceConfig.availableCpu%2CserviceConfig.vpcConnector%2CserviceConfig.vpcConnectorEgressSettings%2Clabels had HTTP Error: 400, Could not update Cloud Run service projects/sarafun-f9616/locations/us-central1/services/bot. spec.template.spec.containers[0].env: Secret environment variable overlaps non secret environment variable: TELEGRAM_BOT_TOKEN",
      "status": 400
    },
    "status": 400,
    "code": 400
  }
}
[debug] [2026-04-02T18:11:27.994Z] Error: Failed to update function bot in region us-central1
    at C:\Users\Huawei MadeBook XPro\AppData\Roaming\npm\node_modules\firebase-tools\lib\deploy\functions\release\fabricator.js:441:19
    at process.processTicksAndRejections (node:internal/process/task_queues:103:5)
    at async Fabricator.updateV2Function (C:\Users\Huawei MadeBook XPro\AppData\Roaming\npm\node_modules\firebase-tools\lib\deploy\functions\release\fabricator.js:425:32)
    at async Fabricator.updateEndpoint (C:\Users\Huawei MadeBook XPro\AppData\Roaming\npm\node_modules\firebase-tools\lib\deploy\functions\release\fabricator.js:161:13)
    at async handle (C:\Users\Huawei MadeBook XPro\AppData\Roaming\npm\node_modules\firebase-tools\lib\deploy\functions\release\fabricator.js:90:17)
[error] 
[error] Error: There was an error deploying functions
